Arguments: 
  C:\Program Files\nodejs\node.exe C:\Program Files (x86)\Yarn\bin\yarn.js

PATH: 
  C:\Program Files\Dell\DW WLAN Card;C:\Windows\system32;C:\Windows;C:\Windows\System32\Wbem;C:\Windows\System32\WindowsPowerShell\v1.0\;C:\Program Files (x86)\NVIDIA Corporation\PhysX\Common;C:\Program Files\Microsoft SQL Server\120\Tools\Binn\;C:\Program Files\Microsoft SQL Server\130\Tools\Binn\;C:\Program Files\Microsoft\Web Platform Installer\;C:\Program Files (x86)\Microsoft SQL Server\Client SDK\ODBC\130\Tools\Binn\;C:\Program Files (x86)\Microsoft SQL Server\130\Tools\Binn\;C:\Program Files (x86)\Microsoft SQL Server\130\DTS\Binn\;C:\Program Files (x86)\Microsoft SQL Server\130\Tools\Binn\ManagementStudio\;C:\Program Files\Microsoft SQL Server\Client SDK\ODBC\130\Tools\Binn\;C:\Program Files\Microsoft SQL Server\130\DTS\Binn\;C:\Program Files (x86)\Microsoft Team Foundation Server 2015 Power Tools\;C:\Program Files\dotnet\;C:\Program Files (x86)\Skype\Phone\;C:\WINDOWS\system32;C:\WINDOWS;C:\WINDOWS\System32\Wbem;C:\WINDOWS\System32\WindowsPowerShell\v1.0\;C:\Program Files\Git\cmd;C:\Program Files (x86)\Yarn\bin;C:\Program Files (x86)\GtkSharp\2.12\bin;C:\Program Files (x86)\Microsoft SQL Server\140\Tools\Binn\;C:\Program Files (x86)\Microsoft SQL Server\140\DTS\Binn\;C:\Program Files (x86)\Microsoft SQL Server\140\Tools\Binn\ManagementStudio\;C:\Program Files\nodejs\;C:\Users\totte\.dnx\bin;C:\Users\totte\AppData\Local\Microsoft\WindowsApps;C:\Users\totte\AppData\Local\Microsoft\WindowsApps;C:\Program Files\Microsoft VS Code\bin;C:\Users\totte\AppData\Local\Yarn\bin;C:\Users\totte\AppData\Roaming\npm;C:\Users\totte\AppData\Local\GitHubDesktop\bin

Yarn version: 
  1.3.2

Node version: 
  9.7.1

Platform: 
  win32 x64

npm manifest: 
  {
    "name": "skeleton-chat-plugin",
    "version": "1.0.0-beta.1",
    "description": "Starter kit for authoring a Webprovisions plugin.",
    "main": "dist/index.js",
    "scripts": {
      "build": "..\\..\\node_modules\\.bin\\webpack --mode production",
      "build-dev": "..\\..\\node_modules\\.bin\\webpack --mode development"
    },
    "dependencies": {
      // "@humany/widget-chat": "file:.yalc/@humany/widget-chat",
      // "@humany/widget-core": "file:.yalc/@humany/widget-core",
      // "@humany/widget-plugins": "file:.yalc/@humany/widget-plugins",
      // "@humany/widget-types-bot": "file:.yalc/@humany/widget-types-bot",
      // "@humany/widget-ui": "file:.yalc/@humany/widget-ui",
      // "@webprovisions/platform": "file:.yalc/@webprovisions/platform",
      "babel-regenerator-runtime": "^6.5.0",
      "fetch-jsonp": "^1.1.3"
    },
    "devDependencies": {
      "@babel/core": "^7.0.0-beta.40",
      "@babel/plugin-proposal-class-properties": "^7.0.0-beta.40",
      "@babel/preset-env": "^7.0.0-beta.40",
      "babel-loader": "^8.0.0-beta.0",
      "webpack": "^4.1.0",
      "webpack-cli": "^2.0.10"
    }
  }

yarn manifest: 
  No manifest

Lockfile: 
  No lockfile

Trace: 
  SyntaxError: C:\VSProjects\humany-skeleton-chat-plugin\package.json: Unexpected token / in JSON at position 350
      at JSON.parse (<anonymous>)
      at C:\Program Files (x86)\Yarn\lib\cli.js:770:59
      at Generator.next (<anonymous>)
      at step (C:\Program Files (x86)\Yarn\lib\cli.js:92:30)
      at C:\Program Files (x86)\Yarn\lib\cli.js:103:13
      at <anonymous>
